0 0 000000000000000000000000000000000
NO 000000000000000000000000000000001
NO 000000000000000000000000000000010
3 2 000000000000000000000000000000011
NO 000000000000000000000000000000100
5 4 000000000000000000000000000000101
6 11 000000000000000000000000000000110
NO 000000000000000000000000000000111
NO 000000000000000000000000000001000
9 8 000000000000000000000000000001001
10 19 000000000000000000000000000001010
NO 000000000000000000000000000001011
12 37 000000000000000000000000000001100
NO 000000000000000000000000000001101
NO 000000000000000000000000000001110
15 10 000000000000000000000000000001111
NO 000000000000000000000000000010000
17 16 000000000000000000000000000010001
18 35 000000000000000000000000000010010
NO 000000000000000000000000000010011
20 69 000000000000000000000000000010100
NO 000000000000000000000000000010101
NO 000000000000000000000000000010110
NO 000000000000000000000000000010111
24 137 000000000000000000000000000011000
NO 000000000000000000000000000011001
NO 000000000000000000000000000011010
27 18 000000000000000000000000000011011
NO 000000000000000000000000000011100
NO 000000000000000000000000000011101
30 39 000000000000000000000000000011110
NO 000000000000000000000000000011111
