2
12
m == 2
mid= 0, maxx= 8, sum= 12
mid= 1, maxx= 8, sum= 5
mid=2: b[1] = 3, sum = 3
i= 2, sum= 3
i= 3, sum= 4
i= 4, sum= 4
i= 5, sum= 4
mid= 2, maxx= 8, sum= 4
mid= 3, maxx= 8, sum= 3
mid= 4, maxx= 8, sum= 4
mid= 5, maxx= 8, sum= 6
mid= 6, maxx= 8, sum= 10
mid= 7, maxx= 8, sum= 11
3
m == 2
mid= 0, maxx= 9, sum= 15
mid= 1, maxx= 9, sum= 14
mid=2: b[1] = 3, sum = 3
i= 2, sum= 3
i= 3, sum= 4
i= 4, sum= 7
i= 5, sum= 7
i= 6, sum= 13
i= 7, sum= 13
i= 8, sum= 16
i= 9, sum= 16
i= 10, sum= 17
mid= 2, maxx= 9, sum= 17
mid= 3, maxx= 9, sum= 12
mid= 4, maxx= 9, sum= 11
mid= 5, maxx= 9, sum= 10
mid= 6, maxx= 9, sum= 9
mid= 7, maxx= 9, sum= 11
mid= 8, maxx= 9, sum= 13
9
