697231075
802673318
534499949
455373203
101720777
400682296
579982980
106535121
845731329
18034960
801174931
625270049
86607229
143421020
312447552
89064994
923056242
158282286
693533501
594300650
921635367
36344320
728057918
191696924
635570926
35973514
657828899
102876569
848444162
634483332
248668554
626328389
76845896
834197511
256265621
224819495
202029835
866362370
374354348
425753125
26560507
296861668
884813933
244514211
193766271
547624110
923281373
865604962
888145077
772832379
744073525
717301892
295656130
199828224
315646855
615057129
684249883
385002297
52581038
280537208
381097783
529896322
879922825
843987032
149531418
472069662
611852131
708936520
475582697
205524811
783532462
361985244
596240273
172820706
643514951
67693324
583169831
527049963
604391440
196001275
498426012
260611100
898060861
690788362
562181189
56041725
834416654
315610358
642221174
896875989
315649208
59711488
10692190
545960365
54817302
730755902
503711506
8849604
398301001
883525790
