tmp: table><t
<table><tr><td><table><tr><td></td></tr><tr><td></td></tr><tr><td></td></tr><tr><td></td></tr></table></td></tr></table>@@@@@@@@@@
tmp: able><tr>
<table><tr><td><table><tr><td></td></tr><tr><td></td></tr><tr><td></td></tr><tr><td></td></tr></table></td></tr></table>@@@@@@@@@@

<table> 7
<table><tr><td><table><tr><td></td></tr><tr><td></td></tr><tr><td></td></tr><tr><td></td></tr></table></td></tr></table>@@@@@@@@@@
table><t 8
<table><tr><td><table><tr><td></td></tr><tr><td></td></tr><tr><td></td></tr><tr><td></td></tr></table></td></tr></table>@@@@@@@@@@
able><tr> 9
<table><tr><td><table><tr><td></td></tr><tr><td></td></tr><tr><td></td></tr><tr><td></td></tr></table></td></tr></table>@@@@@@@@@@
ble><tr><t 10
<table><tr><td><table><tr><td></td></tr><tr><td></td></tr><tr><td></td></tr><tr><td></td></tr></table></td></tr></table>@@@@@@@@@@
le><tr><td> 11
<table><tr><td><table><tr><td></td></tr><tr><td></td></tr><tr><td></td></tr><tr><td></td></tr></table></td></tr></table>@@@@@@@@@@
e><tr><td><t 12
<table><tr><td><table><tr><td></td></tr><tr><td></td></tr><tr><td></td></tr><tr><td></td></tr></table></td></tr></table>@@@@@@@@@@
><tr><td><tab 13
<table><tr><td><table><tr><td></td></tr><tr><td></td></tr><tr><td></td></tr><tr><td></td></tr></table></td></tr></table>@@@@@@@@@@
<tr><td><table 14
<table><tr><td><table><tr><td></td></tr><tr><td></td></tr><tr><td></td></tr><tr><td></td></tr></table></td></tr></table>@@@@@@@@@@
tr><td><table>< 15
<table><tr><td><table><tr><td></td></tr><tr><td></td></tr><tr><td></td></tr><tr><td></td></tr></table></td></tr></table>@@@@@@@@@@
r><td><table><tr 16
<table><tr><td><table><tr><td></td></tr><tr><td></td></tr><tr><td></td></tr><tr><td></td></tr></table></td></tr></table>@@@@@@@@@@
><td><table><tr>< 17
<table><tr><td><table><tr><td></td></tr><tr><td></td></tr><tr><td></td></tr><tr><td></td></tr></table></td></tr></table>@@@@@@@@@@
<td><table><tr><td 18
<table><tr><td><table><tr><td></td></tr><tr><td></td></tr><tr><td></td></tr><tr><td></td></tr></table></td></tr></table>@@@@@@@@@@
td><table><tr><td>< 19
<table><tr><td><table><tr><td></td></tr><tr><td></td></tr><tr><td></td></tr><tr><td></td></tr></table></td></tr></table>@@@@@@@@@@
d><table><tr><td></t 20
<table><tr><td><table><tr><td></td></tr><tr><td></td></tr><tr><td></td></tr><tr><td></td></tr></table></td></tr></table>@@@@@@@@@@
><table><tr><td></td> 21
<table><tr><td><table><tr><td></td></tr><tr><td></td></tr><tr><td></td></tr><tr><td></td></tr></table></td></tr></table>@@@@@@@@@@
<table><tr><td></td></ 22
<table><tr><td><table><tr><td></td></tr><tr><td></td></tr><tr><td></td></tr><tr><td></td></tr></table></td></tr></table>@@@@@@@@@@
table><tr><td></td></tr 23
<table><tr><td><table><tr><td></td></tr><tr><td></td></tr><tr><td></td></tr><tr><td></td></tr></table></td></tr></table>@@@@@@@@@@
able><tr><td></td></tr>< 24
<table><tr><td><table><tr><td></td></tr><tr><td></td></tr><tr><td></td></tr><tr><td></td></tr></table></td></tr></table>@@@@@@@@@@
ble><tr><td></td></tr><tr 25
<table><tr><td><table><tr><td></td></tr><tr><td></td></tr><tr><td></td></tr><tr><td></td></tr></table></td></tr></table>@@@@@@@@@@
le><tr><td></td></tr><tr>< 26
<table><tr><td><table><tr><td></td></tr><tr><td></td></tr><tr><td></td></tr><tr><td></td></tr></table></td></tr></table>@@@@@@@@@@
e><tr><td></td></tr><tr><td 27
<table><tr><td><table><tr><td></td></tr><tr><td></td></tr><tr><td></td></tr><tr><td></td></tr></table></td></tr></table>@@@@@@@@@@
><tr><td></td></tr><tr><td>< 28
<table><tr><td><table><tr><td></td></tr><tr><td></td></tr><tr><td></td></tr><tr><td></td></tr></table></td></tr></table>@@@@@@@@@@
<tr><td></td></tr><tr><td></t 29
<table><tr><td><table><tr><td></td></tr><tr><td></td></tr><tr><td></td></tr><tr><td></td></tr></table></td></tr></table>@@@@@@@@@@
tr><td></td></tr><tr><td></td> 30
<table><tr><td><table><tr><td></td></tr><tr><td></td></tr><tr><td></td></tr><tr><td></td></tr></table></td></tr></table>@@@@@@@@@@
r><td></td></tr><tr><td></td></ 31
<table><tr><td><table><tr><td></td></tr><tr><td></td></tr><tr><td></td></tr><tr><td></td></tr></table></td></tr></table>@@@@@@@@@@
><td></td></tr><tr><td></td></tr 32
<table><tr><td><table><tr><td></td></tr><tr><td></td></tr><tr><td></td></tr><tr><td></td></tr></table></td></tr></table>@@@@@@@@@@
<td></td></tr><tr><td></td></tr>< 33
<table><tr><td><table><tr><td></td></tr><tr><td></td></tr><tr><td></td></tr><tr><td></td></tr></table></td></tr></table>@@@@@@@@@@
td></td></tr><tr><td></td></tr><tr 34
<table><tr><td><table><tr><td></td></tr><tr><td></td></tr><tr><td></td></tr><tr><td></td></tr></table></td></tr></table>@@@@@@@@@@
d></td></tr><tr><td></td></tr><tr>< 35
<table><tr><td><table><tr><td></td></tr><tr><td></td></tr><tr><td></td></tr><tr><td></td></tr></table></td></tr></table>@@@@@@@@@@
></td></tr><tr><td></td></tr><tr><td 36
<table><tr><td><table><tr><td></td></tr><tr><td></td></tr><tr><td></td></tr><tr><td></td></tr></table></td></tr></table>@@@@@@@@@@
</td></tr><tr><td></td></tr><tr><td>< 37
<table><tr><td><table><tr><td></td></tr><tr><td></td></tr><tr><td></td></tr><tr><td></td></tr></table></td></tr></table>@@@@@@@@@@
/td></tr><tr><td></td></tr><tr><td></t 38
<table><tr><td><table><tr><td></td></tr><tr><td></td></tr><tr><td></td></tr><tr><td></td></tr></table></td></tr></table>@@@@@@@@@@
td></tr><tr><td></td></tr><tr><td></td> 39
<table><tr><td><table><tr><td></td></tr><tr><td></td></tr><tr><td></td></tr><tr><td></td></tr></table></td></tr></table>@@@@@@@@@@
d></tr><tr><td></td></tr><tr><td></td></ 40
<table><tr><td><table><tr><td></td></tr><tr><td></td></tr><tr><td></td></tr><tr><td></td></tr></table></td></tr></table>@@@@@@@@@@
></tr><tr><td></td></tr><tr><td></td></tr 41
<table><tr><td><table><tr><td></td></tr><tr><td></td></tr><tr><td></td></tr><tr><td></td></tr></table></td></tr></table>@@@@@@@@@@
</tr><tr><td></td></tr><tr><td></td></tr>< 42
<table><tr><td><table><tr><td></td></tr><tr><td></td></tr><tr><td></td></tr><tr><td></td></tr></table></td></tr></table>@@@@@@@@@@
/tr><tr><td></td></tr><tr><td></td></tr><tr 43
<table><tr><td><table><tr><td></td></tr><tr><td></td></tr><tr><td></td></tr><tr><td></td></tr></table></td></tr></table>@@@@@@@@@@
tr><tr><td></td></tr><tr><td></td></tr><tr>< 44
<table><tr><td><table><tr><td></td></tr><tr><td></td></tr><tr><td></td></tr><tr><td></td></tr></table></td></tr></table>@@@@@@@@@@
r><tr><td></td></tr><tr><td></td></tr><tr><td 45
<table><tr><td><table><tr><td></td></tr><tr><td></td></tr><tr><td></td></tr><tr><td></td></tr></table></td></tr></table>@@@@@@@@@@
><tr><td></td></tr><tr><td></td></tr><tr><td>< 46
<table><tr><td><table><tr><td></td></tr><tr><td></td></tr><tr><td></td></tr><tr><td></td></tr></table></td></tr></table>@@@@@@@@@@
<tr><td></td></tr><tr><td></td></tr><tr><td></t 47
<table><tr><td><table><tr><td></td></tr><tr><td></td></tr><tr><td></td></tr><tr><td></td></tr></table></td></tr></table>@@@@@@@@@@
tr><td></td></tr><tr><td></td></tr><tr><td></td> 48
<table><tr><td><table><tr><td></td></tr><tr><td></td></tr><tr><td></td></tr><tr><td></td></tr></table></td></tr></table>@@@@@@@@@@
r><td></td></tr><tr><td></td></tr><tr><td></td></ 49
<table><tr><td><table><tr><td></td></tr><tr><td></td></tr><tr><td></td></tr><tr><td></td></tr></table></td></tr></table>@@@@@@@@@@
><td></td></tr><tr><td></td></tr><tr><td></td></tr 50
<table><tr><td><table><tr><td></td></tr><tr><td></td></tr><tr><td></td></tr><tr><td></td></tr></table></td></tr></table>@@@@@@@@@@
<td></td></tr><tr><td></td></tr><tr><td></td></tr>< 51
<table><tr><td><table><tr><td></td></tr><tr><td></td></tr><tr><td></td></tr><tr><td></td></tr></table></td></tr></table>@@@@@@@@@@
td></td></tr><tr><td></td></tr><tr><td></td></tr></t 52
<table><tr><td><table><tr><td></td></tr><tr><td></td></tr><tr><td></td></tr><tr><td></td></tr></table></td></tr></table>@@@@@@@@@@
d></td></tr><tr><td></td></tr><tr><td></td></tr></tab 53
<table><tr><td><table><tr><td></td></tr><tr><td></td></tr><tr><td></td></tr><tr><td></td></tr></table></td></tr></table>@@@@@@@@@@
></td></tr><tr><td></td></tr><tr><td></td></tr></table 54
<table><tr><td><table><tr><td></td></tr><tr><td></td></tr><tr><td></td></tr><tr><td></td></tr></table></td></tr></table>@@@@@@@@@@
</td></tr><tr><td></td></tr><tr><td></td></tr></table>< 55
<table><tr><td><table><tr><td></td></tr><tr><td></td></tr><tr><td></td></tr><tr><td></td></tr></table></td></tr></table>@@@@@@@@@@
/td></tr><tr><td></td></tr><tr><td></td></tr></table></t 56
<table><tr><td><table><tr><td></td></tr><tr><td></td></tr><tr><td></td></tr><tr><td></td></tr></table></td></tr></table>@@@@@@@@@@
td></tr><tr><td></td></tr><tr><td></td></tr></table></td> 57
<table><tr><td><table><tr><td></td></tr><tr><td></td></tr><tr><td></td></tr><tr><td></td></tr></table></td></tr></table>@@@@@@@@@@
d></tr><tr><td></td></tr><tr><td></td></tr></table></td></ 58
<table><tr><td><table><tr><td></td></tr><tr><td></td></tr><tr><td></td></tr><tr><td></td></tr></table></td></tr></table>@@@@@@@@@@
></tr><tr><td></td></tr><tr><td></td></tr></table></td></tr 59
<table><tr><td><table><tr><td></td></tr><tr><td></td></tr><tr><td></td></tr><tr><td></td></tr></table></td></tr></table>@@@@@@@@@@
</tr><tr><td></td></tr><tr><td></td></tr></table></td></tr>< 60
<table><tr><td><table><tr><td></td></tr><tr><td></td></tr><tr><td></td></tr><tr><td></td></tr></table></td></tr></table>@@@@@@@@@@
/tr><tr><td></td></tr><tr><td></td></tr></table></td></tr></t 61
<table><tr><td><table><tr><td></td></tr><tr><td></td></tr><tr><td></td></tr><tr><td></td></tr></table></td></tr></table>@@@@@@@@@@
tr><tr><td></td></tr><tr><td></td></tr></table></td></tr></tab 62
<table><tr><td><table><tr><td></td></tr><tr><td></td></tr><tr><td></td></tr><tr><td></td></tr></table></td></tr></table>@@@@@@@@@@
r><tr><td></td></tr><tr><td></td></tr></table></td></tr></table 63
<table><tr><td><table><tr><td></td></tr><tr><td></td></tr><tr><td></td></tr><tr><td></td></tr></table></td></tr></table>@@@@@@@@@@
><tr><td></td></tr><tr><td></td></tr></table></td></tr></table>@ 64
<table><tr><td><table><tr><td></td></tr><tr><td></td></tr><tr><td></td></tr><tr><td></td></tr></table></td></tr></table>@@@@@@@@@@
<tr><td></td></tr><tr><td></td></tr></table></td></tr></table>@@@ 65
<table><tr><td><table><tr><td></td></tr><tr><td></td></tr><tr><td></td></tr><tr><td></td></tr></table></td></tr></table>@@@@@@@@@@
tr><td></td></tr><tr><td></td></tr></table></td></tr></table>@@@@@ 66
<table><tr><td><table><tr><td></td></tr><tr><td></td></tr><tr><td></td></tr><tr><td></td></tr></table></td></tr></table>@@@@@@@@@@
r><td></td></tr><tr><td></td></tr></table></td></tr></table>@@@@@@@ 67
<table><tr><td><table><tr><td></td></tr><tr><td></td></tr><tr><td></td></tr><tr><td></td></tr></table></td></tr></table>@@@@@@@@@@
><td></td></tr><tr><td></td></tr></table></td></tr></table>@@@@@@@@@ 68
<table><tr><td><table><tr><td></td></tr><tr><td></td></tr><tr><td></td></tr><tr><td></td></tr></table></td></tr></table>@@@@@@@@@@
<td></td></tr><tr><td></td></tr></table></td></tr></table>@@@@@@@@@@ 68
<table><tr><td><table><tr><td></td></tr><tr><td></td></tr><tr><td></td></tr><tr><td></td></tr></table></td></tr></table>@@@@@@@@@@
td></td></tr><tr><td></td></tr></table></td></tr></table>@@@@@@@@@@ 67
<table><tr><td><table><tr><td></td></tr><tr><td></td></tr><tr><td></td></tr><tr><td></td></tr></table></td></tr></table>@@@@@@@@@@
d></td></tr><tr><td></td></tr></table></td></tr></table>@@@@@@@@@@ 66
<table><tr><td><table><tr><td></td></tr><tr><td></td></tr><tr><td></td></tr><tr><td></td></tr></table></td></tr></table>@@@@@@@@@@
></td></tr><tr><td></td></tr></table></td></tr></table>@@@@@@@@@@ 65
<table><tr><td><table><tr><td></td></tr><tr><td></td></tr><tr><td></td></tr><tr><td></td></tr></table></td></tr></table>@@@@@@@@@@
</td></tr><tr><td></td></tr></table></td></tr></table>@@@@@@@@@@ 64
<table><tr><td><table><tr><td></td></tr><tr><td></td></tr><tr><td></td></tr><tr><td></td></tr></table></td></tr></table>@@@@@@@@@@
/td></tr><tr><td></td></tr></table></td></tr></table>@@@@@@@@@@ 63
<table><tr><td><table><tr><td></td></tr><tr><td></td></tr><tr><td></td></tr><tr><td></td></tr></table></td></tr></table>@@@@@@@@@@
td></tr><tr><td></td></tr></table></td></tr></table>@@@@@@@@@@ 62
<table><tr><td><table><tr><td></td></tr><tr><td></td></tr><tr><td></td></tr><tr><td></td></tr></table></td></tr></table>@@@@@@@@@@
d></tr><tr><td></td></tr></table></td></tr></table>@@@@@@@@@@ 61
<table><tr><td><table><tr><td></td></tr><tr><td></td></tr><tr><td></td></tr><tr><td></td></tr></table></td></tr></table>@@@@@@@@@@
></tr><tr><td></td></tr></table></td></tr></table>@@@@@@@@@@ 60
<table><tr><td><table><tr><td></td></tr><tr><td></td></tr><tr><td></td></tr><tr><td></td></tr></table></td></tr></table>@@@@@@@@@@
</tr><tr><td></td></tr></table></td></tr></table>@@@@@@@@@@ 59
<table><tr><td><table><tr><td></td></tr><tr><td></td></tr><tr><td></td></tr><tr><td></td></tr></table></td></tr></table>@@@@@@@@@@
/tr><tr><td></td></tr></table></td></tr></table>@@@@@@@@@@ 58
<table><tr><td><table><tr><td></td></tr><tr><td></td></tr><tr><td></td></tr><tr><td></td></tr></table></td></tr></table>@@@@@@@@@@
tr><tr><td></td></tr></table></td></tr></table>@@@@@@@@@@ 57
<table><tr><td><table><tr><td></td></tr><tr><td></td></tr><tr><td></td></tr><tr><td></td></tr></table></td></tr></table>@@@@@@@@@@
r><tr><td></td></tr></table></td></tr></table>@@@@@@@@@@ 56
<table><tr><td><table><tr><td></td></tr><tr><td></td></tr><tr><td></td></tr><tr><td></td></tr></table></td></tr></table>@@@@@@@@@@
><tr><td></td></tr></table></td></tr></table>@@@@@@@@@@ 55
<table><tr><td><table><tr><td></td></tr><tr><td></td></tr><tr><td></td></tr><tr><td></td></tr></table></td></tr></table>@@@@@@@@@@
<tr><td></td></tr></table></td></tr></table>@@@@@@@@@@ 54
<table><tr><td><table><tr><td></td></tr><tr><td></td></tr><tr><td></td></tr><tr><td></td></tr></table></td></tr></table>@@@@@@@@@@
tr><td></td></tr></table></td></tr></table>@@@@@@@@@@ 53
<table><tr><td><table><tr><td></td></tr><tr><td></td></tr><tr><td></td></tr><tr><td></td></tr></table></td></tr></table>@@@@@@@@@@
r><td></td></tr></table></td></tr></table>@@@@@@@@@@ 52
<table><tr><td><table><tr><td></td></tr><tr><td></td></tr><tr><td></td></tr><tr><td></td></tr></table></td></tr></table>@@@@@@@@@@
><td></td></tr></table></td></tr></table>@@@@@@@@@@ 51
<table><tr><td><table><tr><td></td></tr><tr><td></td></tr><tr><td></td></tr><tr><td></td></tr></table></td></tr></table>@@@@@@@@@@
<td></td></tr></table></td></tr></table>@@@@@@@@@@ 50
<table><tr><td><table><tr><td></td></tr><tr><td></td></tr><tr><td></td></tr><tr><td></td></tr></table></td></tr></table>@@@@@@@@@@
td></td></tr></table></td></tr></table>@@@@@@@@@@ 49
<table><tr><td><table><tr><td></td></tr><tr><td></td></tr><tr><td></td></tr><tr><td></td></tr></table></td></tr></table>@@@@@@@@@@
d></td></tr></table></td></tr></table>@@@@@@@@@@ 48
<table><tr><td><table><tr><td></td></tr><tr><td></td></tr><tr><td></td></tr><tr><td></td></tr></table></td></tr></table>@@@@@@@@@@
></td></tr></table></td></tr></table>@@@@@@@@@@ 47
<table><tr><td><table><tr><td></td></tr><tr><td></td></tr><tr><td></td></tr><tr><td></td></tr></table></td></tr></table>@@@@@@@@@@
</td></tr></table></td></tr></table>@@@@@@@@@@ 46
<table><tr><td><table><tr><td></td></tr><tr><td></td></tr><tr><td></td></tr><tr><td></td></tr></table></td></tr></table>@@@@@@@@@@
/td></tr></table></td></tr></table>@@@@@@@@@@ 45
<table><tr><td><table><tr><td></td></tr><tr><td></td></tr><tr><td></td></tr><tr><td></td></tr></table></td></tr></table>@@@@@@@@@@
td></tr></table></td></tr></table>@@@@@@@@@@ 44
<table><tr><td><table><tr><td></td></tr><tr><td></td></tr><tr><td></td></tr><tr><td></td></tr></table></td></tr></table>@@@@@@@@@@
d></tr></table></td></tr></table>@@@@@@@@@@ 43
<table><tr><td><table><tr><td></td></tr><tr><td></td></tr><tr><td></td></tr><tr><td></td></tr></table></td></tr></table>@@@@@@@@@@
></tr></table></td></tr></table>@@@@@@@@@@ 42
<table><tr><td><table><tr><td></td></tr><tr><td></td></tr><tr><td></td></tr><tr><td></td></tr></table></td></tr></table>@@@@@@@@@@
</tr></table></td></tr></table>@@@@@@@@@@ 41
<table><tr><td><table><tr><td></td></tr><tr><td></td></tr><tr><td></td></tr><tr><td></td></tr></table></td></tr></table>@@@@@@@@@@
/tr></table></td></tr></table>@@@@@@@@@@ 40
<table><tr><td><table><tr><td></td></tr><tr><td></td></tr><tr><td></td></tr><tr><td></td></tr></table></td></tr></table>@@@@@@@@@@
tr></table></td></tr></table>@@@@@@@@@@ 39
<table><tr><td><table><tr><td></td></tr><tr><td></td></tr><tr><td></td></tr><tr><td></td></tr></table></td></tr></table>@@@@@@@@@@
r></table></td></tr></table>@@@@@@@@@@ 38
<table><tr><td><table><tr><td></td></tr><tr><td></td></tr><tr><td></td></tr><tr><td></td></tr></table></td></tr></table>@@@@@@@@@@
></table></td></tr></table>@@@@@@@@@@ 37
<table><tr><td><table><tr><td></td></tr><tr><td></td></tr><tr><td></td></tr><tr><td></td></tr></table></td></tr></table>@@@@@@@@@@
</table></td></tr></table>@@@@@@@@@@ 36
<table><tr><td><table><tr><td></td></tr><tr><td></td></tr><tr><td></td></tr><tr><td></td></tr></table></td></tr></table>@@@@@@@@@@
/table></td></tr></table>@@@@@@@@@@ 35
<table><tr><td><table><tr><td></td></tr><tr><td></td></tr><tr><td></td></tr><tr><td></td></tr></table></td></tr></table>@@@@@@@@@@
table></td></tr></table>@@@@@@@@@@ 34
<table><tr><td><table><tr><td></td></tr><tr><td></td></tr><tr><td></td></tr><tr><td></td></tr></table></td></tr></table>@@@@@@@@@@
able></td></tr></table>@@@@@@@@@@ 33
<table><tr><td><table><tr><td></td></tr><tr><td></td></tr><tr><td></td></tr><tr><td></td></tr></table></td></tr></table>@@@@@@@@@@
ble></td></tr></table>@@@@@@@@@@ 32
<table><tr><td><table><tr><td></td></tr><tr><td></td></tr><tr><td></td></tr><tr><td></td></tr></table></td></tr></table>@@@@@@@@@@
le></td></tr></table>@@@@@@@@@@ 31
<table><tr><td><table><tr><td></td></tr><tr><td></td></tr><tr><td></td></tr><tr><td></td></tr></table></td></tr></table>@@@@@@@@@@
e></td></tr></table>@@@@@@@@@@ 30
<table><tr><td><table><tr><td></td></tr><tr><td></td></tr><tr><td></td></tr><tr><td></td></tr></table></td></tr></table>@@@@@@@@@@
></td></tr></table>@@@@@@@@@@ 29
<table><tr><td><table><tr><td></td></tr><tr><td></td></tr><tr><td></td></tr><tr><td></td></tr></table></td></tr></table>@@@@@@@@@@
</td></tr></table>@@@@@@@@@@ 28
<table><tr><td><table><tr><td></td></tr><tr><td></td></tr><tr><td></td></tr><tr><td></td></tr></table></td></tr></table>@@@@@@@@@@
/td></tr></table>@@@@@@@@@@ 27
<table><tr><td><table><tr><td></td></tr><tr><td></td></tr><tr><td></td></tr><tr><td></td></tr></table></td></tr></table>@@@@@@@@@@
td></tr></table>@@@@@@@@@@ 26
<table><tr><td><table><tr><td></td></tr><tr><td></td></tr><tr><td></td></tr><tr><td></td></tr></table></td></tr></table>@@@@@@@@@@
d></tr></table>@@@@@@@@@@ 25
<table><tr><td><table><tr><td></td></tr><tr><td></td></tr><tr><td></td></tr><tr><td></td></tr></table></td></tr></table>@@@@@@@@@@
></tr></table>@@@@@@@@@@ 24
<table><tr><td><table><tr><td></td></tr><tr><td></td></tr><tr><td></td></tr><tr><td></td></tr></table></td></tr></table>@@@@@@@@@@
</tr></table>@@@@@@@@@@ 23
<table><tr><td><table><tr><td></td></tr><tr><td></td></tr><tr><td></td></tr><tr><td></td></tr></table></td></tr></table>@@@@@@@@@@
/tr></table>@@@@@@@@@@ 22
<table><tr><td><table><tr><td></td></tr><tr><td></td></tr><tr><td></td></tr><tr><td></td></tr></table></td></tr></table>@@@@@@@@@@
tr></table>@@@@@@@@@@ 21
<table><tr><td><table><tr><td></td></tr><tr><td></td></tr><tr><td></td></tr><tr><td></td></tr></table></td></tr></table>@@@@@@@@@@
r></table>@@@@@@@@@@ 20
<table><tr><td><table><tr><td></td></tr><tr><td></td></tr><tr><td></td></tr><tr><td></td></tr></table></td></tr></table>@@@@@@@@@@
></table>@@@@@@@@@@ 19
<table><tr><td><table><tr><td></td></tr><tr><td></td></tr><tr><td></td></tr><tr><td></td></tr></table></td></tr></table>@@@@@@@@@@
</table>@@@@@@@@@@ 18
<table><tr><td><table><tr><td></td></tr><tr><td></td></tr><tr><td></td></tr><tr><td></td></tr></table></td></tr></table>@@@@@@@@@@
/table>@@@@@@@@@@ 17
<table><tr><td><table><tr><td></td></tr><tr><td></td></tr><tr><td></td></tr><tr><td></td></tr></table></td></tr></table>@@@@@@@@@@
table>@@@@@@@@@@ 16
<table><tr><td><table><tr><td></td></tr><tr><td></td></tr><tr><td></td></tr><tr><td></td></tr></table></td></tr></table>@@@@@@@@@@
able>@@@@@@@@@@ 15
<table><tr><td><table><tr><td></td></tr><tr><td></td></tr><tr><td></td></tr><tr><td></td></tr></table></td></tr></table>@@@@@@@@@@
ble>@@@@@@@@@@ 14
<table><tr><td><table><tr><td></td></tr><tr><td></td></tr><tr><td></td></tr><tr><td></td></tr></table></td></tr></table>@@@@@@@@@@
le>@@@@@@@@@@ 13
<table><tr><td><table><tr><td></td></tr><tr><td></td></tr><tr><td></td></tr><tr><td></td></tr></table></td></tr></table>@@@@@@@@@@
e>@@@@@@@@@@ 12
<table><tr><td><table><tr><td></td></tr><tr><td></td></tr><tr><td></td></tr><tr><td></td></tr></table></td></tr></table>@@@@@@@@@@
>@@@@@@@@@@ 11
<table><tr><td><table><tr><td></td></tr><tr><td></td></tr><tr><td></td></tr><tr><td></td></tr></table></td></tr></table>@@@@@@@@@@
@@@@@@@@@@ 10
<table><tr><td><table><tr><td></td></tr><tr><td></td></tr><tr><td></td></tr><tr><td></td></tr></table></td></tr></table>@@@@@@@@@@
@@@@@@@@@ 9
<table><tr><td><table><tr><td></td></tr><tr><td></td></tr><tr><td></td></tr><tr><td></td></tr></table></td></tr></table>@@@@@@@@@@
